[2021-12-20 16:46:59,414]: INFO D:\4qrs1sem\TESTING_BMSTU\BDD\Amebus\Controllers\GuideController.py func: create_guide "Guide was created"
[2021-12-20 16:46:59,762]: INFO D:\4qrs1sem\TESTING_BMSTU\BDD\Amebus\Repositories\GuideRepository.py func: create "Guide was created"
[2021-12-20 16:46:59,762]: INFO D:\4qrs1sem\TESTING_BMSTU\BDD\Amebus\Services\GuideService.py func: create_guide "Guide was created"
[2021-12-20 16:46:59,772]: INFO D:\4qrs1sem\TESTING_BMSTU\BDD\Amebus\Controllers\GuideController.py func: create_guide "Guide was created"
[2021-12-20 16:47:00,112]: INFO D:\4qrs1sem\TESTING_BMSTU\BDD\Amebus\Repositories\GuideRepository.py func: create "Guide was created"
[2021-12-20 16:47:00,113]: INFO D:\4qrs1sem\TESTING_BMSTU\BDD\Amebus\Services\GuideService.py func: create_guide "Guide was created"
[2021-12-20 16:52:29,716]: INFO D:\4qrs1sem\TESTING_BMSTU\BDD\Amebus\Controllers\GuideController.py func: create_guide "Guide was created"
[2021-12-20 16:52:31,239]: INFO D:\4qrs1sem\TESTING_BMSTU\BDD\Amebus\Repositories\GuideRepository.py func: create "Guide was created"
[2021-12-20 16:52:31,240]: INFO D:\4qrs1sem\TESTING_BMSTU\BDD\Amebus\Services\GuideService.py func: create_guide "Guide was created"
[2021-12-20 16:52:31,246]: INFO D:\4qrs1sem\TESTING_BMSTU\BDD\Amebus\Controllers\GuideController.py func: create_guide "Guide was created"
[2021-12-20 16:52:32,456]: INFO D:\4qrs1sem\TESTING_BMSTU\BDD\Amebus\Repositories\GuideRepository.py func: create "Guide was created"
[2021-12-20 16:52:32,456]: INFO D:\4qrs1sem\TESTING_BMSTU\BDD\Amebus\Services\GuideService.py func: create_guide "Guide was created"
[2021-12-20 16:54:39,299]: INFO D:\4qrs1sem\TESTING_BMSTU\BDD\Amebus\Controllers\GuideController.py func: create_guide "Guide was created"
[2021-12-20 16:54:40,004]: INFO D:\4qrs1sem\TESTING_BMSTU\BDD\Amebus\Repositories\GuideRepository.py func: create "Guide was created"
[2021-12-20 16:54:40,004]: INFO D:\4qrs1sem\TESTING_BMSTU\BDD\Amebus\Services\GuideService.py func: create_guide "Guide was created"
[2021-12-20 16:54:40,012]: INFO D:\4qrs1sem\TESTING_BMSTU\BDD\Amebus\Controllers\GuideController.py func: create_guide "Guide was created"
[2021-12-20 16:54:40,304]: INFO D:\4qrs1sem\TESTING_BMSTU\BDD\Amebus\Repositories\GuideRepository.py func: create "Guide was created"
[2021-12-20 16:54:40,304]: INFO D:\4qrs1sem\TESTING_BMSTU\BDD\Amebus\Services\GuideService.py func: create_guide "Guide was created"
[2021-12-20 16:56:39,196]: INFO D:\4qrs1sem\TESTING_BMSTU\BDD\Amebus\Controllers\GuideController.py func: create_guide "Guide was created"
[2021-12-20 16:56:39,359]: INFO D:\4qrs1sem\TESTING_BMSTU\BDD\Amebus\Repositories\GuideRepository.py func: create "Guide was created"
[2021-12-20 16:56:39,359]: INFO D:\4qrs1sem\TESTING_BMSTU\BDD\Amebus\Services\GuideService.py func: create_guide "Guide was created"
[2021-12-20 16:56:39,366]: INFO D:\4qrs1sem\TESTING_BMSTU\BDD\Amebus\Controllers\GuideController.py func: create_guide "Guide was created"
[2021-12-20 16:56:39,509]: INFO D:\4qrs1sem\TESTING_BMSTU\BDD\Amebus\Repositories\GuideRepository.py func: create "Guide was created"
[2021-12-20 16:56:39,509]: INFO D:\4qrs1sem\TESTING_BMSTU\BDD\Amebus\Services\GuideService.py func: create_guide "Guide was created"
[2021-12-20 16:56:39,521]: INFO D:\4qrs1sem\TESTING_BMSTU\BDD\Amebus\Controllers\ExcursionController.py func: create_excursion "Excursion was created"
[2021-12-20 16:56:39,677]: INFO D:\4qrs1sem\TESTING_BMSTU\BDD\Amebus\Repositories\ExcursionRepository.py func: create "Excursion was created"
[2021-12-20 16:56:39,685]: INFO D:\4qrs1sem\TESTING_BMSTU\BDD\Amebus\Controllers\ExcursionController.py func: create_excursion "Excursion was created"
[2021-12-20 16:56:39,851]: INFO D:\4qrs1sem\TESTING_BMSTU\BDD\Amebus\Repositories\ExcursionRepository.py func: create "Excursion was created"
[2021-12-20 16:56:57,505]: INFO D:\4qrs1sem\TESTING_BMSTU\BDD\Amebus\Controllers\GuideController.py func: create_guide "Guide was created"
[2021-12-20 16:56:57,654]: INFO D:\4qrs1sem\TESTING_BMSTU\BDD\Amebus\Repositories\GuideRepository.py func: create "Guide was created"
[2021-12-20 16:56:57,654]: INFO D:\4qrs1sem\TESTING_BMSTU\BDD\Amebus\Services\GuideService.py func: create_guide "Guide was created"
[2021-12-20 16:56:57,660]: INFO D:\4qrs1sem\TESTING_BMSTU\BDD\Amebus\Controllers\GuideController.py func: create_guide "Guide was created"
[2021-12-20 16:56:57,812]: INFO D:\4qrs1sem\TESTING_BMSTU\BDD\Amebus\Repositories\GuideRepository.py func: create "Guide was created"
[2021-12-20 16:56:57,812]: INFO D:\4qrs1sem\TESTING_BMSTU\BDD\Amebus\Services\GuideService.py func: create_guide "Guide was created"
[2021-12-20 16:56:57,819]: INFO D:\4qrs1sem\TESTING_BMSTU\BDD\Amebus\Controllers\ExcursionController.py func: create_excursion "Excursion was created"
[2021-12-20 16:56:57,989]: INFO D:\4qrs1sem\TESTING_BMSTU\BDD\Amebus\Repositories\ExcursionRepository.py func: create "Excursion was created"
[2021-12-20 16:56:57,998]: INFO D:\4qrs1sem\TESTING_BMSTU\BDD\Amebus\Controllers\ExcursionController.py func: create_excursion "Excursion was created"
[2021-12-20 16:56:58,156]: INFO D:\4qrs1sem\TESTING_BMSTU\BDD\Amebus\Repositories\ExcursionRepository.py func: create "Excursion was created"
[2021-12-20 16:57:13,458]: INFO D:\4qrs1sem\TESTING_BMSTU\BDD\Amebus\Controllers\GuideController.py func: create_guide "Guide was created"
[2021-12-20 16:57:13,590]: INFO D:\4qrs1sem\TESTING_BMSTU\BDD\Amebus\Repositories\GuideRepository.py func: create "Guide was created"
[2021-12-20 16:57:13,591]: INFO D:\4qrs1sem\TESTING_BMSTU\BDD\Amebus\Services\GuideService.py func: create_guide "Guide was created"
[2021-12-20 16:57:13,596]: INFO D:\4qrs1sem\TESTING_BMSTU\BDD\Amebus\Controllers\GuideController.py func: create_guide "Guide was created"
[2021-12-20 16:57:13,773]: INFO D:\4qrs1sem\TESTING_BMSTU\BDD\Amebus\Repositories\GuideRepository.py func: create "Guide was created"
[2021-12-20 16:57:13,773]: INFO D:\4qrs1sem\TESTING_BMSTU\BDD\Amebus\Services\GuideService.py func: create_guide "Guide was created"
[2021-12-20 16:57:13,782]: INFO D:\4qrs1sem\TESTING_BMSTU\BDD\Amebus\Controllers\ExcursionController.py func: create_excursion "Excursion was created"
[2021-12-20 16:57:13,942]: INFO D:\4qrs1sem\TESTING_BMSTU\BDD\Amebus\Repositories\ExcursionRepository.py func: create "Excursion was created"
[2021-12-20 16:57:13,951]: INFO D:\4qrs1sem\TESTING_BMSTU\BDD\Amebus\Controllers\ExcursionController.py func: create_excursion "Excursion was created"
[2021-12-20 16:57:14,117]: INFO D:\4qrs1sem\TESTING_BMSTU\BDD\Amebus\Repositories\ExcursionRepository.py func: create "Excursion was created"
[2021-12-20 16:57:26,921]: INFO D:\4qrs1sem\TESTING_BMSTU\BDD\Amebus\Controllers\GuideController.py func: create_guide "Guide was created"
[2021-12-20 16:57:27,051]: INFO D:\4qrs1sem\TESTING_BMSTU\BDD\Amebus\Repositories\GuideRepository.py func: create "Guide was created"
[2021-12-20 16:57:27,051]: INFO D:\4qrs1sem\TESTING_BMSTU\BDD\Amebus\Services\GuideService.py func: create_guide "Guide was created"
[2021-12-20 16:57:27,055]: INFO D:\4qrs1sem\TESTING_BMSTU\BDD\Amebus\Controllers\GuideController.py func: create_guide "Guide was created"
[2021-12-20 16:57:27,217]: INFO D:\4qrs1sem\TESTING_BMSTU\BDD\Amebus\Repositories\GuideRepository.py func: create "Guide was created"
[2021-12-20 16:57:27,218]: INFO D:\4qrs1sem\TESTING_BMSTU\BDD\Amebus\Services\GuideService.py func: create_guide "Guide was created"
[2021-12-20 16:57:27,223]: INFO D:\4qrs1sem\TESTING_BMSTU\BDD\Amebus\Controllers\ExcursionController.py func: create_excursion "Excursion was created"
[2021-12-20 16:57:27,393]: INFO D:\4qrs1sem\TESTING_BMSTU\BDD\Amebus\Repositories\ExcursionRepository.py func: create "Excursion was created"
[2021-12-20 16:57:27,398]: INFO D:\4qrs1sem\TESTING_BMSTU\BDD\Amebus\Controllers\ExcursionController.py func: create_excursion "Excursion was created"
[2021-12-20 16:57:27,544]: INFO D:\4qrs1sem\TESTING_BMSTU\BDD\Amebus\Repositories\ExcursionRepository.py func: create "Excursion was created"
